1501728179110	geckodriver	INFO	geckodriver 0.18.0
1501728179119	geckodriver	INFO	Listening on 127.0.0.1:62525
1501728180206	geckodriver::marionette	INFO	Starting browser /Applications/Firefox.app/Contents/MacOS/firefox-bin with args ["-marionette"]
1501728182338	Marionette	INFO	Listening on port 62538
1501728182430	Marionette	WARN	TLS certificate errors will be ignored for this session
1501728182600	Marionette	DEBUG	loaded listener.js
1501728182628	Marionette	DEBUG	Received DOM event "beforeunload" for "about:blank"
2017-08-02 21:43:02.678 plugin-container[31787:24507603] *** CFMessagePort: bootstrap_register(): failed 1100 (0x44c) 'Permission denied', port = 0x9c37, name = 'com.apple.tsm.portname'
See /usr/include/servers/bootstrap_defs.h for the error codes.
2017-08-02 21:43:02.680 plugin-container[31787:24507603] *** CFMessagePort: bootstrap_register(): failed 1100 (0x44c) 'Permission denied', port = 0x9f03, name = 'com.apple.CFPasteboardClient'
See /usr/include/servers/bootstrap_defs.h for the error codes.
1501728182957	Marionette	DEBUG	Received DOM event "pagehide" for "about:blank"
1501728182957	Marionette	DEBUG	Received DOM event "unload" for "about:blank"
1501728183705	Marionette	DEBUG	Received DOM event "DOMContentLoaded" for "https://sanantonio.craigslist.org/search/hsw"
1501728183781	Marionette	DEBUG	Received DOM event "DOMContentLoaded" for "https://www.craigslist.org/static/localstorage.html?v=51a29e41f8e978141e4085ed4a77d170"
1501728183783	Marionette	DEBUG	Received DOM event "pageshow" for "https://www.craigslist.org/static/localstorage.html?v=51a29e41f8e978141e4085ed4a77d170"
1501728183786	Marionette	DEBUG	Received DOM event "pageshow" for "https://sanantonio.craigslist.org/search/hsw"
1501728217717	Marionette	DEBUG	loaded listener.js
1501728227550	Marionette	INFO	Ceased listening
1501728230360	geckodriver	INFO	geckodriver 0.18.0
1501728230364	geckodriver	INFO	Listening on 127.0.0.1:62807
1501728231399	geckodriver::marionette	INFO	Starting browser /Applications/Firefox.app/Contents/MacOS/firefox-bin with args ["-marionette"]
1501728233053	Marionette	INFO	Listening on port 62820
1501728233161	Marionette	WARN	TLS certificate errors will be ignored for this session
1501728233302	Marionette	DEBUG	loaded listener.js
1501728233332	Marionette	DEBUG	Received DOM event "beforeunload" for "about:blank"
2017-08-02 21:43:53.360 plugin-container[31796:24508777] *** CFMessagePort: bootstrap_register(): failed 1100 (0x44c) 'Permission denied', port = 0x980b, name = 'com.apple.tsm.portname'
See /usr/include/servers/bootstrap_defs.h for the error codes.
2017-08-02 21:43:53.364 plugin-container[31796:24508777] *** CFMessagePort: bootstrap_register(): failed 1100 (0x44c) 'Permission denied', port = 0x9f03, name = 'com.apple.CFPasteboardClient'
See /usr/include/servers/bootstrap_defs.h for the error codes.
1501728233656	Marionette	DEBUG	Received DOM event "pagehide" for "about:blank"
1501728233657	Marionette	DEBUG	Received DOM event "unload" for "about:blank"
1501728234400	Marionette	DEBUG	Received DOM event "DOMContentLoaded" for "https://sanantonio.craigslist.org/search/hsw"
1501728234482	Marionette	DEBUG	Received DOM event "DOMContentLoaded" for "https://www.craigslist.org/static/localstorage.html?v=51a29e41f8e978141e4085ed4a77d170"
1501728234484	Marionette	DEBUG	Received DOM event "pageshow" for "https://www.craigslist.org/static/localstorage.html?v=51a29e41f8e978141e4085ed4a77d170"
1501728234485	Marionette	DEBUG	Received DOM event "pageshow" for "https://sanantonio.craigslist.org/search/hsw"
1501728261236	Marionette	INFO	Ceased listening
